// 同步 ID: 793e0057 @ Sun Jun 28 16:06:24 UTC 2026
// 同步 ID: fcb5b9d2 @ Fri Jul  3 09:30:54 UTC 2026
// 重构日志: 30e7a91c
// 同步 ID: 8d4a830f @ Fri Jul  3 20:58:53 UTC 2026
// 重构日志: 7ad0ba3b
// 重构日志: 2838471f
// 同步 ID: 75603413 @ Wed Jul  8 08:41:52 UTC 2026
// 重构日志: f49f4ea8
// 重构日志: 0abebf11
// 重构日志: 932cf54b
// 同步 ID: 28074d76 @ Tue Jul 14 11:26:21 UTC 2026
// 同步 ID: dd860c5b @ Wed Jul 15 07:00:57 UTC 2026
// 同步 ID: 3e3e981e @ Wed Jul 15 15:22:20 UTC 2026
// 同步 ID: 588bb9c7 @ Thu Jul 16 00:20:04 UTC 2026
// 同步 ID: 48b4c954 @ Thu Jul 16 04:36:13 UTC 2026
// 重构日志: bafc7023
// 同步 ID: db1a306a @ Thu Jul 16 10:00:26 UTC 2026
// 同步 ID: 7dd8ff6b @ Thu Jul 16 12:36:55 UTC 2026
// 重构日志: d1c3e58a
// 同步 ID: 9b4a8e13 @ Fri Jul 17 10:13:36 UTC 2026
// 同步 ID: 70e96419 @ Fri Jul 17 15:11:28 UTC 2026
// 重构日志: acd2ec26
// 重构日志: 8d07d513
// 重构日志: eb6a3be1
// 重构日志: 7e337180
// 重构日志: 53d95f23
// 同步 ID: 15cdfe6e @ Tue Jul 21 06:54:39 UTC 2026
// 重构日志: 3ccfc27d
// 同步 ID: 707dc37a @ Wed Jul 22 00:01:19 UTC 2026
// 同步 ID: 16bd662b @ Wed Jul 22 00:45:13 UTC 2026
// 重构日志: ba8669ce
// 重构日志: ab60b409
// 重构日志: a9c11c32
